Removed Member From Class: ClassName=Smart_home Member=JP_L
Removed Member From Class: ClassName=Smart_home Member=JP_R
Added Component: Designator=J1(Fe-HDR1X17/2.54-S)
Added Component: Designator=J2(Fe-HDR1X17/2.54-S)
Added Component: Designator=J3(Fe-HDR1X4/2.54-S)
Added Component: Designator=J4(Fe-HDR2X4/2.54-S)
Added Component: Designator=J5(Fe-HDR2X6/2.54-S)
Added Component: Designator=J6(Fe-HDR1X4/2.54-S)
Added Component: Designator=J7(Fe-HDR1X4/2.54-S)
Added Component: Designator=J8(Fe-HDR1X2/2.54-S)
Added Component: Designator=J9(Fe-HDR1X4/2.54-S)
Added Component: Designator=J10(Fe-HDR1X3/2.54-S)
Added Component: Designator=J11(Pin HDR1X3/2.54mm-S)
Added Component: Designator=J12(Fe-HDR1X17/2.54-S)
Added Component: Designator=J13(Fe-HDR1X17/2.54-S)
Added Pin To Net: NetName=5V Pin=J11-3
Added Net: Name=5V
Added Pin To Net: NetName=DO Pin=J3-2
Added Net: Name=DO
Added Pin To Net: NetName=GND Pin=J2-1
Added Pin To Net: NetName=GND Pin=J3-3
Added Pin To Net: NetName=GND Pin=J4-7
Added Pin To Net: NetName=GND Pin=J5-3
Added Pin To Net: NetName=GND Pin=J5-4
Added Pin To Net: NetName=GND Pin=J5-10
Added Pin To Net: NetName=GND Pin=J6-4
Added Pin To Net: NetName=GND Pin=J7-1
Added Pin To Net: NetName=GND Pin=J8-1
Added Pin To Net: NetName=GND Pin=J9-4
Added Pin To Net: NetName=GND Pin=J10-1
Added Pin To Net: NetName=GND Pin=J13-1
Added Net: Name=GND
Added Pin To Net: NetName=IO0 Pin=J4-3
Added Net: Name=IO0
Added Pin To Net: NetName=IO2 Pin=J4-5
Added Net: Name=IO2
Added Pin To Net: NetName=PA0_AO Pin=J2-6
Added Pin To Net: NetName=PA0_AO Pin=J3-1
Added Pin To Net: NetName=PA0_AO Pin=J13-6
Added Net: Name=PA0_AO
Added Pin To Net: NetName=PA1 Pin=J2-7
Added Pin To Net: NetName=PA1 Pin=J8-2
Added Pin To Net: NetName=PA1 Pin=J13-7
Added Net: Name=PA1
Added Pin To Net: NetName=PA2_RX Pin=J2-8
Added Pin To Net: NetName=PA2_RX Pin=J4-1
Added Pin To Net: NetName=PA2_RX Pin=J13-8
Added Net: Name=PA2_RX
Added Pin To Net: NetName=PA3_TX Pin=J2-9
Added Pin To Net: NetName=PA3_TX Pin=J4-8
Added Pin To Net: NetName=PA3_TX Pin=J13-9
Added Net: Name=PA3_TX
Added Pin To Net: NetName=PA4 Pin=J2-10
Added Pin To Net: NetName=PA4 Pin=J13-10
Added Net: Name=PA4
Added Pin To Net: NetName=PA5_DATA Pin=J2-11
Added Pin To Net: NetName=PA5_DATA Pin=J6-2
Added Pin To Net: NetName=PA5_DATA Pin=J13-11
Added Net: Name=PA5_DATA
Added Pin To Net: NetName=PA6_SCL Pin=J2-12
Added Pin To Net: NetName=PA6_SCL Pin=J7-3
Added Pin To Net: NetName=PA6_SCL Pin=J13-12
Added Net: Name=PA6_SCL
Added Pin To Net: NetName=PA7_SDA Pin=J2-13
Added Pin To Net: NetName=PA7_SDA Pin=J7-4
Added Pin To Net: NetName=PA7_SDA Pin=J13-13
Added Net: Name=PA7_SDA
Added Pin To Net: NetName=PA8 Pin=J1-13
Added Pin To Net: NetName=PA8 Pin=J12-13
Added Net: Name=PA8
Added Pin To Net: NetName=PA9_USART1_TX Pin=J1-12
Added Pin To Net: NetName=PA9_USART1_TX Pin=J9-2
Added Pin To Net: NetName=PA9_USART1_TX Pin=J12-12
Added Net: Name=PA9_USART1_TX
Added Pin To Net: NetName=PA10_USART1_RX Pin=J1-11
Added Pin To Net: NetName=PA10_USART1_RX Pin=J9-3
Added Pin To Net: NetName=PA10_USART1_RX Pin=J12-11
Added Net: Name=PA10_USART1_RX
Added Pin To Net: NetName=PA11 Pin=J1-10
Added Pin To Net: NetName=PA11 Pin=J12-10
Added Net: Name=PA11
Added Pin To Net: NetName=PA12 Pin=J1-9
Added Pin To Net: NetName=PA12 Pin=J12-9
Added Net: Name=PA12
Added Pin To Net: NetName=PA15 Pin=J1-8
Added Pin To Net: NetName=PA15 Pin=J12-8
Added Net: Name=PA15
Added Pin To Net: NetName=PB0_S Pin=J2-14
Added Pin To Net: NetName=PB0_S Pin=J10-3
Added Pin To Net: NetName=PB0_S Pin=J13-14
Added Net: Name=PB0_S
Added Pin To Net: NetName=PB1 Pin=J2-15
Added Pin To Net: NetName=PB1 Pin=J13-15
Added Net: Name=PB1
Added Pin To Net: NetName=PB3_RST Pin=J1-7
Added Pin To Net: NetName=PB3_RST Pin=J5-8
Added Pin To Net: NetName=PB3_RST Pin=J12-7
Added Net: Name=PB3_RST
Added Pin To Net: NetName=PB4_CS Pin=J1-6
Added Pin To Net: NetName=PB4_CS Pin=J5-11
Added Pin To Net: NetName=PB4_CS Pin=J12-6
Added Net: Name=PB4_CS
Added Pin To Net: NetName=PB5_MO Pin=J1-5
Added Pin To Net: NetName=PB5_MO Pin=J5-7
Added Pin To Net: NetName=PB5_MO Pin=J12-5
Added Net: Name=PB5_MO
Added Pin To Net: NetName=PB6_MI Pin=J1-4
Added Pin To Net: NetName=PB6_MI Pin=J5-5
Added Pin To Net: NetName=PB6_MI Pin=J12-4
Added Net: Name=PB6_MI
Added Pin To Net: NetName=PB7_SCK Pin=J1-3
Added Pin To Net: NetName=PB7_SCK Pin=J5-9
Added Pin To Net: NetName=PB7_SCK Pin=J12-3
Added Net: Name=PB7_SCK
Added Pin To Net: NetName=PB8_IRQ Pin=J2-2
Added Pin To Net: NetName=PB8_IRQ Pin=J5-12
Added Pin To Net: NetName=PB8_IRQ Pin=J13-2
Added Net: Name=PB8_IRQ
Added Pin To Net: NetName=PB9 Pin=J2-3
Added Pin To Net: NetName=PB9 Pin=J13-3
Added Net: Name=PB9
Added Pin To Net: NetName=PB10 Pin=J2-16
Added Pin To Net: NetName=PB10 Pin=J13-16
Added Net: Name=PB10
Added Pin To Net: NetName=PB11 Pin=J2-17
Added Pin To Net: NetName=PB11 Pin=J13-17
Added Net: Name=PB11
Added Pin To Net: NetName=PB12 Pin=J1-17
Added Pin To Net: NetName=PB12 Pin=J12-17
Added Net: Name=PB12
Added Pin To Net: NetName=PB13 Pin=J1-16
Added Pin To Net: NetName=PB13 Pin=J12-16
Added Net: Name=PB13
Added Pin To Net: NetName=PB14 Pin=J1-15
Added Pin To Net: NetName=PB14 Pin=J12-15
Added Net: Name=PB14
Added Pin To Net: NetName=PB15 Pin=J1-14
Added Pin To Net: NetName=PB15 Pin=J12-14
Added Net: Name=PB15
Added Pin To Net: NetName=PC13 Pin=J2-4
Added Pin To Net: NetName=PC13 Pin=J13-4
Added Net: Name=PC13
Added Pin To Net: NetName=RST Pin=J2-5
Added Pin To Net: NetName=RST Pin=J4-4
Added Pin To Net: NetName=RST Pin=J13-5
Added Net: Name=RST
Added Pin To Net: NetName=VCC3.3 Pin=J1-2
Added Pin To Net: NetName=VCC3.3 Pin=J3-4
Added Pin To Net: NetName=VCC3.3 Pin=J4-2
Added Pin To Net: NetName=VCC3.3 Pin=J4-6
Added Pin To Net: NetName=VCC3.3 Pin=J5-1
Added Pin To Net: NetName=VCC3.3 Pin=J5-2
Added Pin To Net: NetName=VCC3.3 Pin=J6-1
Added Pin To Net: NetName=VCC3.3 Pin=J7-2
Added Pin To Net: NetName=VCC3.3 Pin=J9-1
Added Pin To Net: NetName=VCC3.3 Pin=J11-1
Added Pin To Net: NetName=VCC3.3 Pin=J12-2
Added Net: Name=VCC3.3
Added Pin To Net: NetName=VCC5V Pin=J1-1
Added Pin To Net: NetName=VCC5V Pin=J5-6
Added Pin To Net: NetName=VCC5V Pin=J12-1
Added Net: Name=VCC5V
Added Pin To Net: NetName=VCC Pin=J10-2
Added Pin To Net: NetName=VCC Pin=J11-2
Added Net: Name=VCC
Added Member To Class: ClassName=Smart_home Member=Component J1 STM32_L
Added Member To Class: ClassName=Smart_home Member=Component J2 STM32_R
Added Member To Class: ClassName=Smart_home Member=Component J3 π‚√ÙµÁ◊Ë
Added Member To Class: ClassName=Smart_home Member=Component J4 ESP8266
Added Member To Class: ClassName=Smart_home Member=Component J5 LD3320
Added Member To Class: ClassName=Smart_home Member=Component J6 DHT11
Added Member To Class: ClassName=Smart_home Member=Component J7 OLED
Added Member To Class: ClassName=Smart_home Member=Component J8 LED
Added Member To Class: ClassName=Smart_home Member=Component J9 USART1
Added Member To Class: ClassName=Smart_home Member=Component J10 ∑Á…»
Added Member To Class: ClassName=Smart_home Member=Component J11 VCC3.3_VCC_5V
Added Member To Class: ClassName=Smart_home Member=Component J12 STM32_L
Added Member To Class: ClassName=Smart_home Member=Component J13 STM32_R
Added Room: Name=Smart_home
